{"C:\\Users\\m8dev01\\Desktop\\teste\\angular-multi-projects\\projects\\angular-app1\\src\\app\\app.component.html": {"path":"C:\\Users\\m8dev01\\Desktop\\teste\\angular-multi-projects\\projects\\angular-app1\\src\\app\\app.component.html","statementMap":{"0":{"start":{"line":1,"column":0},"end":{"line":1,"column":92}}},"fnMap":{},"branchMap":{},"s":{"0":1},"f":{},"b":{},"_coverageSchema":"1a1c01bbd47fc00a2c39e90264f33305004495a9","hash":"8ed4cf11be3a1dc7cea5f5faf417b27d2aa75aa2"}
,"C:\\Users\\m8dev01\\Desktop\\teste\\angular-multi-projects\\projects\\angular-app1\\src\\app\\app.component.ts": {"path":"C:\\Users\\m8dev01\\Desktop\\teste\\angular-multi-projects\\projects\\angular-app1\\src\\app\\app.component.ts","statementMap":{"0":{"start":{"line":1,"column":0},"end":{"line":1,"column":42}},"1":{"start":{"line":9,"column":2},"end":{"line":9,"column":25}},"2":{"start":{"line":8,"column":13},"end":{"line":8,"column":null}},"3":{"start":{"line":8,"column":13},"end":{"line":8,"column":25}}},"fnMap":{},"branchMap":{},"s":{"0":1,"1":2,"2":1,"3":1},"f":{},"b":{}}
}
