<?xml version="1.0" encoding="UTF-8"?>
<coverage generated="1670261565414" clover="3.2.0">
  <project timestamp="1670261565414" name="All files">
    <metrics statements="9" coveredstatements="9" conditionals="0" coveredconditionals="0" methods="5" coveredmethods="5" elements="14" coveredelements="14" complexity="0" loc="9" ncloc="9" packages="1" files="2" classes="2"/>
    <file name="ctx-cadastro.service.ts" path="C:\Users\m8dev01\Desktop\teste\angular-multi-projects\projects\ctx-cadastro\src\lib\ctx-cadastro.service.ts">
      <metrics statements="6" coveredstatements="6" conditionals="0" coveredconditionals="0" methods="3" coveredmethods="3"/>
      <line num="1" count="1" type="stmt"/>
      <line num="2" count="1" type="stmt"/>
      <line num="7" count="1" type="stmt"/>
      <line num="8" count="2" type="stmt"/>
      <line num="11" count="1" type="stmt"/>
      <line num="15" count="1" type="stmt"/>
    </file>
    <file name="ctx-cadastro.service2.ts" path="C:\Users\m8dev01\Desktop\teste\angular-multi-projects\projects\ctx-cadastro\src\lib\ctx-cadastro.service2.ts">
      <metrics statements="3" coveredstatements="3" conditionals="0" coveredconditionals="0" methods="2" coveredmethods="2"/>
      <line num="1" count="1" type="stmt"/>
      <line num="6" count="1" type="stmt"/>
      <line num="11" count="1" type="stmt"/>
    </file>
  </project>
</coverage>
